2013-11-29 04:41:07,785 INFO  [org.springframework.test.context.TestContextManager] @TestExecutionListeners is not present for class [class pe.edu.cibertec.core.dao.LaboratorioDAOTest]: using defaults.
2013-11-29 04:41:08,109 INFO  [org.springframework.beans.factory.xml.XmlBeanDefinitionReader] Loading XML bean definitions from class path resource [pe/edu/cibertec/app-test.xml]
2013-11-29 04:41:08,594 INFO  [org.springframework.context.support.GenericApplicationContext] Refreshing org.springframework.context.support.GenericApplicationContext@3702c2f1: startup date [Fri Nov 29 04:41:08 COT 2013]; root of context hierarchy
2013-11-29 04:41:08,776 INFO  [org.springframework.beans.factory.config.PropertyPlaceholderConfigurer] Loading properties file from class path resource [pe/edu/cibertec/datasource-test.properties]
2013-11-29 04:41:08,860 INFO  [org.springframework.beans.factory.support.DefaultListableBeanFactory] Pre-instantiating singletons in org.springframework.beans.factory.support.DefaultListableBeanFactory@62ba5f6a: defining beans [org.springframework.context.annotation.internalConfigurationAnnotationProcessor,org.springframework.context.annotation.internalAutowiredAnnotationProcessor,org.springframework.context.annotation.internalRequiredAnnotationProcessor,org.springframework.context.annotation.internalCommonAnnotationProcessor,org.springframework.context.annotation.internalPersistenceAnnotationProcessor,auditoriaDAOImpl,auditoriaInterceptor,auditoriaServiceImpl,laboratorioDAO,profesorDAO,programaDAO,laboratorioService,profesorService,programaService,authenticationService,userDetailsService,usuarioService,org.springframework.aop.config.internalAutoProxyCreator,propertyPlaceholderConfigurer,dataSource,entityManagerFactory,transactionManager,org.springframework.transaction.annotation.AnnotationTransactionAttributeSource#0,org.springframework.transaction.interceptor.TransactionInterceptor#0,org.springframework.transaction.config.internalTransactionAdvisor,org.springframework.context.annotation.ConfigurationClassPostProcessor$ImportAwareBeanPostProcessor#0]; root of factory hierarchy
2013-11-29 04:41:09,434 INFO  [org.springframework.orm.jpa.LocalContainerEntityManagerFactoryBean] Building JPA container EntityManagerFactory for persistence unit 'JpaPersistenceUnit'
2013-11-29 04:41:11,122 INFO  [org.springframework.test.context.transaction.TransactionalTestExecutionListener] Began transaction (1): transaction manager [org.springframework.orm.jpa.JpaTransactionManager@70d0d127]; rollback [true]
2013-11-29 04:41:11,259 INFO  [org.springframework.test.context.transaction.TransactionalTestExecutionListener] Rolled back transaction after test execution for test context [[TestContext@24b3a041 testClass = LaboratorioDAOTest, testInstance = pe.edu.cibertec.core.dao.LaboratorioDAOTest@cde1e3a, testMethod = getAll@LaboratorioDAOTest, testException = [null], mergedContextConfiguration = [MergedContextConfiguration@4a92786f testClass = LaboratorioDAOTest, locations = '{classpath:pe/edu/cibertec/app-test.xml}', classes = '{}', activeProfiles = '{}', contextLoader = 'org.springframework.test.context.support.DelegatingSmartContextLoader']]]
2013-11-29 04:41:11,263 INFO  [org.springframework.test.context.transaction.TransactionalTestExecutionListener] Began transaction (2): transaction manager [org.springframework.orm.jpa.JpaTransactionManager@70d0d127]; rollback [true]
2013-11-29 04:41:11,264 INFO  [org.springframework.test.context.transaction.TransactionalTestExecutionListener] Rolled back transaction after test execution for test context [[TestContext@24b3a041 testClass = LaboratorioDAOTest, testInstance = pe.edu.cibertec.core.dao.LaboratorioDAOTest@2fbd4671, testMethod = isTest@AbstractJunitTest, testException = [null], mergedContextConfiguration = [MergedContextConfiguration@4a92786f testClass = LaboratorioDAOTest, locations = '{classpath:pe/edu/cibertec/app-test.xml}', classes = '{}', activeProfiles = '{}', contextLoader = 'org.springframework.test.context.support.DelegatingSmartContextLoader']]]
2013-11-29 04:41:11,266 INFO  [org.springframework.context.support.GenericApplicationContext] Closing org.springframework.context.support.GenericApplicationContext@3702c2f1: startup date [Fri Nov 29 04:41:08 COT 2013]; root of context hierarchy
2013-11-29 04:41:11,267 INFO  [org.springframework.beans.factory.support.DefaultListableBeanFactory] Destroying singletons in org.springframework.beans.factory.support.DefaultListableBeanFactory@62ba5f6a: defining beans [org.springframework.context.annotation.internalConfigurationAnnotationProcessor,org.springframework.context.annotation.internalAutowiredAnnotationProcessor,org.springframework.context.annotation.internalRequiredAnnotationProcessor,org.springframework.context.annotation.internalCommonAnnotationProcessor,org.springframework.context.annotation.internalPersistenceAnnotationProcessor,auditoriaDAOImpl,auditoriaInterceptor,auditoriaServiceImpl,laboratorioDAO,profesorDAO,programaDAO,laboratorioService,profesorService,programaService,authenticationService,userDetailsService,usuarioService,org.springframework.aop.config.internalAutoProxyCreator,propertyPlaceholderConfigurer,dataSource,entityManagerFactory,transactionManager,org.springframework.transaction.annotation.AnnotationTransactionAttributeSource#0,org.springframework.transaction.interceptor.TransactionInterceptor#0,org.springframework.transaction.config.internalTransactionAdvisor,org.springframework.context.annotation.ConfigurationClassPostProcessor$ImportAwareBeanPostProcessor#0]; root of factory hierarchy
2013-11-29 04:41:11,268 INFO  [org.springframework.orm.jpa.LocalContainerEntityManagerFactoryBean] Closing JPA EntityManagerFactory for persistence unit 'JpaPersistenceUnit'
2013-11-29 05:28:12,372 INFO  [org.springframework.test.context.TestContextManager] @TestExecutionListeners is not present for class [class pe.edu.cibertec.core.dao.LaboratorioDAOTest]: using defaults.
2013-11-29 05:28:12,682 INFO  [org.springframework.beans.factory.xml.XmlBeanDefinitionReader] Loading XML bean definitions from class path resource [pe/edu/cibertec/app-test.xml]
2013-11-29 05:28:13,136 INFO  [org.springframework.context.support.GenericApplicationContext] Refreshing org.springframework.context.support.GenericApplicationContext@44319bc6: startup date [Fri Nov 29 05:28:13 COT 2013]; root of context hierarchy
2013-11-29 05:28:13,330 INFO  [org.springframework.beans.factory.config.PropertyPlaceholderConfigurer] Loading properties file from class path resource [pe/edu/cibertec/datasource-test.properties]
2013-11-29 05:28:13,425 INFO  [org.springframework.beans.factory.support.DefaultListableBeanFactory] Pre-instantiating singletons in org.springframework.beans.factory.support.DefaultListableBeanFactory@34de727a: defining beans [org.springframework.context.annotation.internalConfigurationAnnotationProcessor,org.springframework.context.annotation.internalAutowiredAnnotationProcessor,org.springframework.context.annotation.internalRequiredAnnotationProcessor,org.springframework.context.annotation.internalCommonAnnotationProcessor,org.springframework.context.annotation.internalPersistenceAnnotationProcessor,auditoriaDAOImpl,auditoriaInterceptor,auditoriaServiceImpl,laboratorioDAO,profesorDAO,programaDAO,laboratorioService,profesorService,programaService,authenticationService,userDetailsService,usuarioService,org.springframework.aop.config.internalAutoProxyCreator,propertyPlaceholderConfigurer,dataSource,entityManagerFactory,transactionManager,org.springframework.transaction.annotation.AnnotationTransactionAttributeSource#0,org.springframework.transaction.interceptor.TransactionInterceptor#0,org.springframework.transaction.config.internalTransactionAdvisor,org.springframework.context.annotation.ConfigurationClassPostProcessor$ImportAwareBeanPostProcessor#0]; root of factory hierarchy
2013-11-29 05:28:14,031 INFO  [org.springframework.orm.jpa.LocalContainerEntityManagerFactoryBean] Building JPA container EntityManagerFactory for persistence unit 'JpaPersistenceUnit'
2013-11-29 05:28:15,810 INFO  [org.springframework.test.context.transaction.TransactionalTestExecutionListener] Began transaction (1): transaction manager [org.springframework.orm.jpa.JpaTransactionManager@3efdd686]; rollback [true]
2013-11-29 05:28:15,820 INFO  [org.springframework.test.context.transaction.TransactionalTestExecutionListener] Rolled back transaction after test execution for test context [[TestContext@485bceb6 testClass = LaboratorioDAOTest, testInstance = pe.edu.cibertec.core.dao.LaboratorioDAOTest@36033d7, testMethod = obtenerUusario@LaboratorioDAOTest, testException = java.lang.NullPointerException, mergedContextConfiguration = [MergedContextConfiguration@20eb69fc testClass = LaboratorioDAOTest, locations = '{classpath:pe/edu/cibertec/app-test.xml}', classes = '{}', activeProfiles = '{}', contextLoader = 'org.springframework.test.context.support.DelegatingSmartContextLoader']]]
2013-11-29 05:28:15,829 INFO  [org.springframework.test.context.transaction.TransactionalTestExecutionListener] Began transaction (2): transaction manager [org.springframework.orm.jpa.JpaTransactionManager@3efdd686]; rollback [true]
2013-11-29 05:28:15,830 INFO  [org.springframework.test.context.transaction.TransactionalTestExecutionListener] Rolled back transaction after test execution for test context [[TestContext@485bceb6 testClass = LaboratorioDAOTest, testInstance = pe.edu.cibertec.core.dao.LaboratorioDAOTest@3bb25aa6, testMethod = isTest@AbstractJunitTest, testException = [null], mergedContextConfiguration = [MergedContextConfiguration@20eb69fc testClass = LaboratorioDAOTest, locations = '{classpath:pe/edu/cibertec/app-test.xml}', classes = '{}', activeProfiles = '{}', contextLoader = 'org.springframework.test.context.support.DelegatingSmartContextLoader']]]
2013-11-29 05:28:15,843 INFO  [org.springframework.context.support.GenericApplicationContext] Closing org.springframework.context.support.GenericApplicationContext@44319bc6: startup date [Fri Nov 29 05:28:13 COT 2013]; root of context hierarchy
2013-11-29 05:28:15,844 INFO  [org.springframework.beans.factory.support.DefaultListableBeanFactory] Destroying singletons in org.springframework.beans.factory.support.DefaultListableBeanFactory@34de727a: defining beans [org.springframework.context.annotation.internalConfigurationAnnotationProcessor,org.springframework.context.annotation.internalAutowiredAnnotationProcessor,org.springframework.context.annotation.internalRequiredAnnotationProcessor,org.springframework.context.annotation.internalCommonAnnotationProcessor,org.springframework.context.annotation.internalPersistenceAnnotationProcessor,auditoriaDAOImpl,auditoriaInterceptor,auditoriaServiceImpl,laboratorioDAO,profesorDAO,programaDAO,laboratorioService,profesorService,programaService,authenticationService,userDetailsService,usuarioService,org.springframework.aop.config.internalAutoProxyCreator,propertyPlaceholderConfigurer,dataSource,entityManagerFactory,transactionManager,org.springframework.transaction.annotation.AnnotationTransactionAttributeSource#0,org.springframework.transaction.interceptor.TransactionInterceptor#0,org.springframework.transaction.config.internalTransactionAdvisor,org.springframework.context.annotation.ConfigurationClassPostProcessor$ImportAwareBeanPostProcessor#0]; root of factory hierarchy
2013-11-29 05:28:15,845 INFO  [org.springframework.orm.jpa.LocalContainerEntityManagerFactoryBean] Closing JPA EntityManagerFactory for persistence unit 'JpaPersistenceUnit'
2013-11-29 05:28:54,773 INFO  [org.springframework.test.context.TestContextManager] @TestExecutionListeners is not present for class [class pe.edu.cibertec.core.dao.LaboratorioDAOTest]: using defaults.
2013-11-29 05:28:55,082 INFO  [org.springframework.beans.factory.xml.XmlBeanDefinitionReader] Loading XML bean definitions from class path resource [pe/edu/cibertec/app-test.xml]
2013-11-29 05:28:55,602 INFO  [org.springframework.context.support.GenericApplicationContext] Refreshing org.springframework.context.support.GenericApplicationContext@7729617b: startup date [Fri Nov 29 05:28:55 COT 2013]; root of context hierarchy
2013-11-29 05:28:55,802 INFO  [org.springframework.beans.factory.config.PropertyPlaceholderConfigurer] Loading properties file from class path resource [pe/edu/cibertec/datasource-test.properties]
2013-11-29 05:28:55,891 INFO  [org.springframework.beans.factory.support.DefaultListableBeanFactory] Pre-instantiating singletons in org.springframework.beans.factory.support.DefaultListableBeanFactory@2f731def: defining beans [org.springframework.context.annotation.internalConfigurationAnnotationProcessor,org.springframework.context.annotation.internalAutowiredAnnotationProcessor,org.springframework.context.annotation.internalRequiredAnnotationProcessor,org.springframework.context.annotation.internalCommonAnnotationProcessor,org.springframework.context.annotation.internalPersistenceAnnotationProcessor,auditoriaDAOImpl,auditoriaInterceptor,auditoriaServiceImpl,laboratorioDAO,profesorDAO,programaDAO,laboratorioService,profesorService,programaService,authenticationService,userDetailsService,usuarioService,org.springframework.aop.config.internalAutoProxyCreator,propertyPlaceholderConfigurer,dataSource,entityManagerFactory,transactionManager,org.springframework.transaction.annotation.AnnotationTransactionAttributeSource#0,org.springframework.transaction.interceptor.TransactionInterceptor#0,org.springframework.transaction.config.internalTransactionAdvisor,org.springframework.context.annotation.ConfigurationClassPostProcessor$ImportAwareBeanPostProcessor#0]; root of factory hierarchy
2013-11-29 05:28:56,608 INFO  [org.springframework.orm.jpa.LocalContainerEntityManagerFactoryBean] Building JPA container EntityManagerFactory for persistence unit 'JpaPersistenceUnit'
2013-11-29 05:29:02,110 INFO  [org.springframework.test.context.transaction.TransactionalTestExecutionListener] Began transaction (1): transaction manager [org.springframework.orm.jpa.JpaTransactionManager@744154c9]; rollback [true]
2013-11-29 05:29:59,376 INFO  [org.springframework.test.context.TestContextManager] @TestExecutionListeners is not present for class [class pe.edu.cibertec.core.dao.LaboratorioDAOTest]: using defaults.
2013-11-29 05:29:59,662 INFO  [org.springframework.beans.factory.xml.XmlBeanDefinitionReader] Loading XML bean definitions from class path resource [pe/edu/cibertec/app-test.xml]
2013-11-29 05:30:00,100 INFO  [org.springframework.context.support.GenericApplicationContext] Refreshing org.springframework.context.support.GenericApplicationContext@14ea0724: startup date [Fri Nov 29 05:30:00 COT 2013]; root of context hierarchy
2013-11-29 05:30:00,277 INFO  [org.springframework.beans.factory.config.PropertyPlaceholderConfigurer] Loading properties file from class path resource [pe/edu/cibertec/datasource-test.properties]
2013-11-29 05:30:00,366 INFO  [org.springframework.beans.factory.support.DefaultListableBeanFactory] Pre-instantiating singletons in org.springframework.beans.factory.support.DefaultListableBeanFactory@6a485d31: defining beans [org.springframework.context.annotation.internalConfigurationAnnotationProcessor,org.springframework.context.annotation.internalAutowiredAnnotationProcessor,org.springframework.context.annotation.internalRequiredAnnotationProcessor,org.springframework.context.annotation.internalCommonAnnotationProcessor,org.springframework.context.annotation.internalPersistenceAnnotationProcessor,auditoriaDAOImpl,auditoriaInterceptor,auditoriaServiceImpl,laboratorioDAO,profesorDAO,programaDAO,laboratorioService,profesorService,programaService,authenticationService,userDetailsService,usuarioService,org.springframework.aop.config.internalAutoProxyCreator,propertyPlaceholderConfigurer,dataSource,entityManagerFactory,transactionManager,org.springframework.transaction.annotation.AnnotationTransactionAttributeSource#0,org.springframework.transaction.interceptor.TransactionInterceptor#0,org.springframework.transaction.config.internalTransactionAdvisor,org.springframework.context.annotation.ConfigurationClassPostProcessor$ImportAwareBeanPostProcessor#0]; root of factory hierarchy
2013-11-29 05:30:00,981 INFO  [org.springframework.orm.jpa.LocalContainerEntityManagerFactoryBean] Building JPA container EntityManagerFactory for persistence unit 'JpaPersistenceUnit'
2013-11-29 05:30:01,956 ERROR [org.springframework.test.context.TestContextManager] Caught exception while allowing TestExecutionListener [org.springframework.test.context.support.DependencyInjectionTestExecutionListener@6cb97fd2] to prepare test instance [pe.edu.cibertec.core.dao.LaboratorioDAOTest@676ebc2]
org.springframework.beans.factory.BeanCreationException: Error creating bean with name 'pe.edu.cibertec.core.dao.LaboratorioDAOTest': Injection of autowired dependencies failed; nested exception is org.springframework.beans.factory.BeanCreationException: Could not autowire field: private pe.edu.cibertec.security.service.UsuarioService pe.edu.cibertec.core.dao.LaboratorioDAOTest.usuarioService; nested exception is org.springframework.beans.factory.BeanCreationException: Error creating bean with name 'usuarioService': Injection of autowired dependencies failed; nested exception is org.springframework.beans.factory.BeanCreationException: Could not autowire field: pe.edu.cibertec.security.dao.UsuarioDAO pe.edu.cibertec.security.service.impl.UsuarioServiceImpl.usuarioDAO; nested exception is org.springframework.beans.factory.NoSuchBeanDefinitionException: No matching bean of type [pe.edu.cibertec.security.dao.UsuarioDAO] found for dependency: expected at least 1 bean which qualifies as autowire candidate for this dependency. Dependency annotations: {@org.springframework.beans.factory.annotation.Autowired(required=true)}
	at org.springframework.beans.factory.annotation.AutowiredAnnotationBeanPostProcessor.postProcessPropertyValues(AutowiredAnnotationBeanPostProcessor.java:287)
	at org.springframework.beans.factory.support.AbstractAutowireCapableBeanFactory.populateBean(AbstractAutowireCapableBeanFactory.java:1106)
	at org.springframework.beans.factory.support.AbstractAutowireCapableBeanFactory.autowireBeanProperties(AbstractAutowireCapableBeanFactory.java:374)
	at org.springframework.test.context.support.DependencyInjectionTestExecutionListener.injectDependencies(DependencyInjectionTestExecutionListener.java:110)
	at org.springframework.test.context.support.DependencyInjectionTestExecutionListener.prepareTestInstance(DependencyInjectionTestExecutionListener.java:75)
	at org.springframework.test.context.TestContextManager.prepareTestInstance(TestContextManager.java:321)
	at org.springframework.test.context.junit4.SpringJUnit4ClassRunner.createTest(SpringJUnit4ClassRunner.java:211)
	at org.springframework.test.context.junit4.SpringJUnit4ClassRunner$1.runReflectiveCall(SpringJUnit4ClassRunner.java:288)
	at org.junit.internal.runners.model.ReflectiveCallable.run(ReflectiveCallable.java:15)
	at org.springframework.test.context.junit4.SpringJUnit4ClassRunner.methodBlock(SpringJUnit4ClassRunner.java:290)
	at org.springframework.test.context.junit4.SpringJUnit4ClassRunner.runChild(SpringJUnit4ClassRunner.java:231)
	at org.junit.runners.BlockJUnit4ClassRunner.runChild(BlockJUnit4ClassRunner.java:49)
	at org.junit.runners.ParentRunner$3.run(ParentRunner.java:193)
	at org.junit.runners.ParentRunner$1.schedule(ParentRunner.java:52)
	at org.junit.runners.ParentRunner.runChildren(ParentRunner.java:191)
	at org.junit.runners.ParentRunner.access$000(ParentRunner.java:42)
	at org.junit.runners.ParentRunner$2.evaluate(ParentRunner.java:184)
	at org.springframework.test.context.junit4.statements.RunBeforeTestClassCallbacks.evaluate(RunBeforeTestClassCallbacks.java:61)
	at org.springframework.test.context.junit4.statements.RunAfterTestClassCallbacks.evaluate(RunAfterTestClassCallbacks.java:71)
	at org.junit.runners.ParentRunner.run(ParentRunner.java:236)
	at org.springframework.test.context.junit4.SpringJUnit4ClassRunner.run(SpringJUnit4ClassRunner.java:174)
	at org.eclipse.jdt.internal.junit4.runner.JUnit4TestReference.run(JUnit4TestReference.java:50)
	at org.eclipse.jdt.internal.junit.runner.TestExecution.run(TestExecution.java:38)
	at org.eclipse.jdt.internal.junit.runner.RemoteTestRunner.runTests(RemoteTestRunner.java:467)
	at org.eclipse.jdt.internal.junit.runner.RemoteTestRunner.runTests(RemoteTestRunner.java:683)
	at org.eclipse.jdt.internal.junit.runner.RemoteTestRunner.run(RemoteTestRunner.java:390)
	at org.eclipse.jdt.internal.junit.runner.RemoteTestRunner.main(RemoteTestRunner.java:197)
Caused by: org.springframework.beans.factory.BeanCreationException: Could not autowire field: private pe.edu.cibertec.security.service.UsuarioService pe.edu.cibertec.core.dao.LaboratorioDAOTest.usuarioService; nested exception is org.springframework.beans.factory.BeanCreationException: Error creating bean with name 'usuarioService': Injection of autowired dependencies failed; nested exception is org.springframework.beans.factory.BeanCreationException: Could not autowire field: pe.edu.cibertec.security.dao.UsuarioDAO pe.edu.cibertec.security.service.impl.UsuarioServiceImpl.usuarioDAO; nested exception is org.springframework.beans.factory.NoSuchBeanDefinitionException: No matching bean of type [pe.edu.cibertec.security.dao.UsuarioDAO] found for dependency: expected at least 1 bean which qualifies as autowire candidate for this dependency. Dependency annotations: {@org.springframework.beans.factory.annotation.Autowired(required=true)}
	at org.springframework.beans.factory.annotation.AutowiredAnnotationBeanPostProcessor$AutowiredFieldElement.inject(AutowiredAnnotationBeanPostProcessor.java:506)
	at org.springframework.beans.factory.annotation.InjectionMetadata.inject(InjectionMetadata.java:87)
	at org.springframework.beans.factory.annotation.AutowiredAnnotationBeanPostProcessor.postProcessPropertyValues(AutowiredAnnotationBeanPostProcessor.java:284)
	... 26 more
Caused by: org.springframework.beans.factory.BeanCreationException: Error creating bean with name 'usuarioService': Injection of autowired dependencies failed; nested exception is org.springframework.beans.factory.BeanCreationException: Could not autowire field: pe.edu.cibertec.security.dao.UsuarioDAO pe.edu.cibertec.security.service.impl.UsuarioServiceImpl.usuarioDAO; nested exception is org.springframework.beans.factory.NoSuchBeanDefinitionException: No matching bean of type [pe.edu.cibertec.security.dao.UsuarioDAO] found for dependency: expected at least 1 bean which qualifies as autowire candidate for this dependency. Dependency annotations: {@org.springframework.beans.factory.annotation.Autowired(required=true)}
	at org.springframework.beans.factory.annotation.AutowiredAnnotationBeanPostProcessor.postProcessPropertyValues(AutowiredAnnotationBeanPostProcessor.java:287)
	at org.springframework.beans.factory.support.AbstractAutowireCapableBeanFactory.populateBean(AbstractAutowireCapableBeanFactory.java:1106)
	at org.springframework.beans.factory.support.AbstractAutowireCapableBeanFactory.doCreateBean(AbstractAutowireCapableBeanFactory.java:517)
	at org.springframework.beans.factory.support.AbstractAutowireCapableBeanFactory.createBean(AbstractAutowireCapableBeanFactory.java:456)
	at org.springframework.beans.factory.support.AbstractBeanFactory$1.getObject(AbstractBeanFactory.java:294)
	at org.springframework.beans.factory.support.DefaultSingletonBeanRegistry.getSingleton(DefaultSingletonBeanRegistry.java:225)
	at org.springframework.beans.factory.support.AbstractBeanFactory.doGetBean(AbstractBeanFactory.java:291)
	at org.springframework.beans.factory.support.AbstractBeanFactory.getBean(AbstractBeanFactory.java:193)
	at org.springframework.beans.factory.support.DefaultListableBeanFactory.findAutowireCandidates(DefaultListableBeanFactory.java:848)
	at org.springframework.beans.factory.support.DefaultListableBeanFactory.doResolveDependency(DefaultListableBeanFactory.java:790)
	at org.springframework.beans.factory.support.DefaultListableBeanFactory.resolveDependency(DefaultListableBeanFactory.java:707)
	at org.springframework.beans.factory.annotation.AutowiredAnnotationBeanPostProcessor$AutowiredFieldElement.inject(AutowiredAnnotationBeanPostProcessor.java:478)
	... 28 more
Caused by: org.springframework.beans.factory.BeanCreationException: Could not autowire field: pe.edu.cibertec.security.dao.UsuarioDAO pe.edu.cibertec.security.service.impl.UsuarioServiceImpl.usuarioDAO; nested exception is org.springframework.beans.factory.NoSuchBeanDefinitionException: No matching bean of type [pe.edu.cibertec.security.dao.UsuarioDAO] found for dependency: expected at least 1 bean which qualifies as autowire candidate for this dependency. Dependency annotations: {@org.springframework.beans.factory.annotation.Autowired(required=true)}
	at org.springframework.beans.factory.annotation.AutowiredAnnotationBeanPostProcessor$AutowiredFieldElement.inject(AutowiredAnnotationBeanPostProcessor.java:506)
	at org.springframework.beans.factory.annotation.InjectionMetadata.inject(InjectionMetadata.java:87)
	at org.springframework.beans.factory.annotation.AutowiredAnnotationBeanPostProcessor.postProcessPropertyValues(AutowiredAnnotationBeanPostProcessor.java:284)
	... 39 more
Caused by: org.springframework.beans.factory.NoSuchBeanDefinitionException: No matching bean of type [pe.edu.cibertec.security.dao.UsuarioDAO] found for dependency: expected at least 1 bean which qualifies as autowire candidate for this dependency. Dependency annotations: {@org.springframework.beans.factory.annotation.Autowired(required=true)}
	at org.springframework.beans.factory.support.DefaultListableBeanFactory.raiseNoSuchBeanDefinitionException(DefaultListableBeanFactory.java:924)
	at org.springframework.beans.factory.support.DefaultListableBeanFactory.doResolveDependency(DefaultListableBeanFactory.java:793)
	at org.springframework.beans.factory.support.DefaultListableBeanFactory.resolveDependency(DefaultListableBeanFactory.java:707)
	at org.springframework.beans.factory.annotation.AutowiredAnnotationBeanPostProcessor$AutowiredFieldElement.inject(AutowiredAnnotationBeanPostProcessor.java:478)
	... 41 more
2013-11-29 05:30:01,971 ERROR [org.springframework.test.context.TestContextManager] Caught exception while allowing TestExecutionListener [org.springframework.test.context.support.DependencyInjectionTestExecutionListener@6cb97fd2] to prepare test instance [pe.edu.cibertec.core.dao.LaboratorioDAOTest@17a0760e]
org.springframework.beans.factory.BeanCreationException: Error creating bean with name 'pe.edu.cibertec.core.dao.LaboratorioDAOTest': Injection of autowired dependencies failed; nested exception is org.springframework.beans.factory.BeanCreationException: Could not autowire field: private pe.edu.cibertec.security.service.UsuarioService pe.edu.cibertec.core.dao.LaboratorioDAOTest.usuarioService; nested exception is org.springframework.beans.factory.BeanCreationException: Error creating bean with name 'usuarioService': Injection of autowired dependencies failed; nested exception is org.springframework.beans.factory.BeanCreationException: Could not autowire field: pe.edu.cibertec.security.dao.UsuarioDAO pe.edu.cibertec.security.service.impl.UsuarioServiceImpl.usuarioDAO; nested exception is org.springframework.beans.factory.NoSuchBeanDefinitionException: No matching bean of type [pe.edu.cibertec.security.dao.UsuarioDAO] found for dependency: expected at least 1 bean which qualifies as autowire candidate for this dependency. Dependency annotations: {@org.springframework.beans.factory.annotation.Autowired(required=true)}
	at org.springframework.beans.factory.annotation.AutowiredAnnotationBeanPostProcessor.postProcessPropertyValues(AutowiredAnnotationBeanPostProcessor.java:287)
	at org.springframework.beans.factory.support.AbstractAutowireCapableBeanFactory.populateBean(AbstractAutowireCapableBeanFactory.java:1106)
	at org.springframework.beans.factory.support.AbstractAutowireCapableBeanFactory.autowireBeanProperties(AbstractAutowireCapableBeanFactory.java:374)
	at org.springframework.test.context.support.DependencyInjectionTestExecutionListener.injectDependencies(DependencyInjectionTestExecutionListener.java:110)
	at org.springframework.test.context.support.DependencyInjectionTestExecutionListener.prepareTestInstance(DependencyInjectionTestExecutionListener.java:75)
	at org.springframework.test.context.TestContextManager.prepareTestInstance(TestContextManager.java:321)
	at org.springframework.test.context.junit4.SpringJUnit4ClassRunner.createTest(SpringJUnit4ClassRunner.java:211)
	at org.springframework.test.context.junit4.SpringJUnit4ClassRunner$1.runReflectiveCall(SpringJUnit4ClassRunner.java:288)
	at org.junit.internal.runners.model.ReflectiveCallable.run(ReflectiveCallable.java:15)
	at org.springframework.test.context.junit4.SpringJUnit4ClassRunner.methodBlock(SpringJUnit4ClassRunner.java:290)
	at org.springframework.test.context.junit4.SpringJUnit4ClassRunner.runChild(SpringJUnit4ClassRunner.java:231)
	at org.junit.runners.BlockJUnit4ClassRunner.runChild(BlockJUnit4ClassRunner.java:49)
	at org.junit.runners.ParentRunner$3.run(ParentRunner.java:193)
	at org.junit.runners.ParentRunner$1.schedule(ParentRunner.java:52)
	at org.junit.runners.ParentRunner.runChildren(ParentRunner.java:191)
	at org.junit.runners.ParentRunner.access$000(ParentRunner.java:42)
	at org.junit.runners.ParentRunner$2.evaluate(ParentRunner.java:184)
	at org.springframework.test.context.junit4.statements.RunBeforeTestClassCallbacks.evaluate(RunBeforeTestClassCallbacks.java:61)
	at org.springframework.test.context.junit4.statements.RunAfterTestClassCallbacks.evaluate(RunAfterTestClassCallbacks.java:71)
	at org.junit.runners.ParentRunner.run(ParentRunner.java:236)
	at org.springframework.test.context.junit4.SpringJUnit4ClassRunner.run(SpringJUnit4ClassRunner.java:174)
	at org.eclipse.jdt.internal.junit4.runner.JUnit4TestReference.run(JUnit4TestReference.java:50)
	at org.eclipse.jdt.internal.junit.runner.TestExecution.run(TestExecution.java:38)
	at org.eclipse.jdt.internal.junit.runner.RemoteTestRunner.runTests(RemoteTestRunner.java:467)
	at org.eclipse.jdt.internal.junit.runner.RemoteTestRunner.runTests(RemoteTestRunner.java:683)
	at org.eclipse.jdt.internal.junit.runner.RemoteTestRunner.run(RemoteTestRunner.java:390)
	at org.eclipse.jdt.internal.junit.runner.RemoteTestRunner.main(RemoteTestRunner.java:197)
Caused by: org.springframework.beans.factory.BeanCreationException: Could not autowire field: private pe.edu.cibertec.security.service.UsuarioService pe.edu.cibertec.core.dao.LaboratorioDAOTest.usuarioService; nested exception is org.springframework.beans.factory.BeanCreationException: Error creating bean with name 'usuarioService': Injection of autowired dependencies failed; nested exception is org.springframework.beans.factory.BeanCreationException: Could not autowire field: pe.edu.cibertec.security.dao.UsuarioDAO pe.edu.cibertec.security.service.impl.UsuarioServiceImpl.usuarioDAO; nested exception is org.springframework.beans.factory.NoSuchBeanDefinitionException: No matching bean of type [pe.edu.cibertec.security.dao.UsuarioDAO] found for dependency: expected at least 1 bean which qualifies as autowire candidate for this dependency. Dependency annotations: {@org.springframework.beans.factory.annotation.Autowired(required=true)}
	at org.springframework.beans.factory.annotation.AutowiredAnnotationBeanPostProcessor$AutowiredFieldElement.inject(AutowiredAnnotationBeanPostProcessor.java:506)
	at org.springframework.beans.factory.annotation.InjectionMetadata.inject(InjectionMetadata.java:87)
	at org.springframework.beans.factory.annotation.AutowiredAnnotationBeanPostProcessor.postProcessPropertyValues(AutowiredAnnotationBeanPostProcessor.java:284)
	... 26 more
Caused by: org.springframework.beans.factory.BeanCreationException: Error creating bean with name 'usuarioService': Injection of autowired dependencies failed; nested exception is org.springframework.beans.factory.BeanCreationException: Could not autowire field: pe.edu.cibertec.security.dao.UsuarioDAO pe.edu.cibertec.security.service.impl.UsuarioServiceImpl.usuarioDAO; nested exception is org.springframework.beans.factory.NoSuchBeanDefinitionException: No matching bean of type [pe.edu.cibertec.security.dao.UsuarioDAO] found for dependency: expected at least 1 bean which qualifies as autowire candidate for this dependency. Dependency annotations: {@org.springframework.beans.factory.annotation.Autowired(required=true)}
	at org.springframework.beans.factory.annotation.AutowiredAnnotationBeanPostProcessor.postProcessPropertyValues(AutowiredAnnotationBeanPostProcessor.java:287)
	at org.springframework.beans.factory.support.AbstractAutowireCapableBeanFactory.populateBean(AbstractAutowireCapableBeanFactory.java:1106)
	at org.springframework.beans.factory.support.AbstractAutowireCapableBeanFactory.doCreateBean(AbstractAutowireCapableBeanFactory.java:517)
	at org.springframework.beans.factory.support.AbstractAutowireCapableBeanFactory.createBean(AbstractAutowireCapableBeanFactory.java:456)
	at org.springframework.beans.factory.support.AbstractBeanFactory$1.getObject(AbstractBeanFactory.java:294)
	at org.springframework.beans.factory.support.DefaultSingletonBeanRegistry.getSingleton(DefaultSingletonBeanRegistry.java:225)
	at org.springframework.beans.factory.support.AbstractBeanFactory.doGetBean(AbstractBeanFactory.java:291)
	at org.springframework.beans.factory.support.AbstractBeanFactory.getBean(AbstractBeanFactory.java:193)
	at org.springframework.beans.factory.support.DefaultListableBeanFactory.findAutowireCandidates(DefaultListableBeanFactory.java:848)
	at org.springframework.beans.factory.support.DefaultListableBeanFactory.doResolveDependency(DefaultListableBeanFactory.java:790)
	at org.springframework.beans.factory.support.DefaultListableBeanFactory.resolveDependency(DefaultListableBeanFactory.java:707)
	at org.springframework.beans.factory.annotation.AutowiredAnnotationBeanPostProcessor$AutowiredFieldElement.inject(AutowiredAnnotationBeanPostProcessor.java:478)
	... 28 more
Caused by: org.springframework.beans.factory.BeanCreationException: Could not autowire field: pe.edu.cibertec.security.dao.UsuarioDAO pe.edu.cibertec.security.service.impl.UsuarioServiceImpl.usuarioDAO; nested exception is org.springframework.beans.factory.NoSuchBeanDefinitionException: No matching bean of type [pe.edu.cibertec.security.dao.UsuarioDAO] found for dependency: expected at least 1 bean which qualifies as autowire candidate for this dependency. Dependency annotations: {@org.springframework.beans.factory.annotation.Autowired(required=true)}
	at org.springframework.beans.factory.annotation.AutowiredAnnotationBeanPostProcessor$AutowiredFieldElement.inject(AutowiredAnnotationBeanPostProcessor.java:506)
	at org.springframework.beans.factory.annotation.InjectionMetadata.inject(InjectionMetadata.java:87)
	at org.springframework.beans.factory.annotation.AutowiredAnnotationBeanPostProcessor.postProcessPropertyValues(AutowiredAnnotationBeanPostProcessor.java:284)
	... 39 more
Caused by: org.springframework.beans.factory.NoSuchBeanDefinitionException: No matching bean of type [pe.edu.cibertec.security.dao.UsuarioDAO] found for dependency: expected at least 1 bean which qualifies as autowire candidate for this dependency. Dependency annotations: {@org.springframework.beans.factory.annotation.Autowired(required=true)}
	at org.springframework.beans.factory.support.DefaultListableBeanFactory.raiseNoSuchBeanDefinitionException(DefaultListableBeanFactory.java:924)
	at org.springframework.beans.factory.support.DefaultListableBeanFactory.doResolveDependency(DefaultListableBeanFactory.java:793)
	at org.springframework.beans.factory.support.DefaultListableBeanFactory.resolveDependency(DefaultListableBeanFactory.java:707)
	at org.springframework.beans.factory.annotation.AutowiredAnnotationBeanPostProcessor$AutowiredFieldElement.inject(AutowiredAnnotationBeanPostProcessor.java:478)
	... 41 more
2013-11-29 05:30:02,006 INFO  [org.springframework.context.support.GenericApplicationContext] Closing org.springframework.context.support.GenericApplicationContext@14ea0724: startup date [Fri Nov 29 05:30:00 COT 2013]; root of context hierarchy
2013-11-29 05:30:02,008 INFO  [org.springframework.beans.factory.support.DefaultListableBeanFactory] Destroying singletons in org.springframework.beans.factory.support.DefaultListableBeanFactory@6a485d31: defining beans [org.springframework.context.annotation.internalConfigurationAnnotationProcessor,org.springframework.context.annotation.internalAutowiredAnnotationProcessor,org.springframework.context.annotation.internalRequiredAnnotationProcessor,org.springframework.context.annotation.internalCommonAnnotationProcessor,org.springframework.context.annotation.internalPersistenceAnnotationProcessor,auditoriaDAOImpl,auditoriaInterceptor,auditoriaServiceImpl,laboratorioDAO,profesorDAO,programaDAO,laboratorioService,profesorService,programaService,authenticationService,userDetailsService,usuarioService,org.springframework.aop.config.internalAutoProxyCreator,propertyPlaceholderConfigurer,dataSource,entityManagerFactory,transactionManager,org.springframework.transaction.annotation.AnnotationTransactionAttributeSource#0,org.springframework.transaction.interceptor.TransactionInterceptor#0,org.springframework.transaction.config.internalTransactionAdvisor,org.springframework.context.annotation.ConfigurationClassPostProcessor$ImportAwareBeanPostProcessor#0]; root of factory hierarchy
2013-11-29 05:30:02,019 INFO  [org.springframework.orm.jpa.LocalContainerEntityManagerFactoryBean] Closing JPA EntityManagerFactory for persistence unit 'JpaPersistenceUnit'
2013-11-29 05:31:45,813 INFO  [org.springframework.test.context.TestContextManager] @TestExecutionListeners is not present for class [class pe.edu.cibertec.core.dao.LaboratorioDAOTest]: using defaults.
2013-11-29 05:31:46,118 INFO  [org.springframework.beans.factory.xml.XmlBeanDefinitionReader] Loading XML bean definitions from class path resource [pe/edu/cibertec/app-test.xml]
2013-11-29 05:31:46,570 INFO  [org.springframework.context.support.GenericApplicationContext] Refreshing org.springframework.context.support.GenericApplicationContext@14ea0724: startup date [Fri Nov 29 05:31:46 COT 2013]; root of context hierarchy
2013-11-29 05:31:46,743 INFO  [org.springframework.beans.factory.config.PropertyPlaceholderConfigurer] Loading properties file from class path resource [pe/edu/cibertec/datasource-test.properties]
2013-11-29 05:31:46,816 INFO  [org.springframework.beans.factory.support.DefaultListableBeanFactory] Pre-instantiating singletons in org.springframework.beans.factory.support.DefaultListableBeanFactory@34de727a: defining beans [org.springframework.context.annotation.internalConfigurationAnnotationProcessor,org.springframework.context.annotation.internalAutowiredAnnotationProcessor,org.springframework.context.annotation.internalRequiredAnnotationProcessor,org.springframework.context.annotation.internalCommonAnnotationProcessor,org.springframework.context.annotation.internalPersistenceAnnotationProcessor,auditoriaDAOImpl,auditoriaInterceptor,auditoriaServiceImpl,laboratorioDAO,profesorDAO,programaDAO,laboratorioService,profesorService,programaService,usuarioDAO,authenticationService,userDetailsService,usuarioService,org.springframework.aop.config.internalAutoProxyCreator,propertyPlaceholderConfigurer,dataSource,entityManagerFactory,transactionManager,org.springframework.transaction.annotation.AnnotationTransactionAttributeSource#0,org.springframework.transaction.interceptor.TransactionInterceptor#0,org.springframework.transaction.config.internalTransactionAdvisor,org.springframework.context.annotation.ConfigurationClassPostProcessor$ImportAwareBeanPostProcessor#0]; root of factory hierarchy
2013-11-29 05:31:47,479 INFO  [org.springframework.orm.jpa.LocalContainerEntityManagerFactoryBean] Building JPA container EntityManagerFactory for persistence unit 'JpaPersistenceUnit'
2013-11-29 05:31:49,238 INFO  [org.springframework.test.context.transaction.TransactionalTestExecutionListener] Began transaction (1): transaction manager [org.springframework.orm.jpa.JpaTransactionManager@6155981e]; rollback [true]
2013-11-29 05:31:49,288 INFO  [org.springframework.test.context.transaction.TransactionalTestExecutionListener] Rolled back transaction after test execution for test context [[TestContext@299c713b testClass = LaboratorioDAOTest, testInstance = pe.edu.cibertec.core.dao.LaboratorioDAOTest@5dcdedd4, testMethod = obtenerUusario@LaboratorioDAOTest, testException = [null], mergedContextConfiguration = [MergedContextConfiguration@7ab92968 testClass = LaboratorioDAOTest, locations = '{classpath:pe/edu/cibertec/app-test.xml}', classes = '{}', activeProfiles = '{}', contextLoader = 'org.springframework.test.context.support.DelegatingSmartContextLoader']]]
2013-11-29 05:31:49,294 INFO  [org.springframework.test.context.transaction.TransactionalTestExecutionListener] Began transaction (2): transaction manager [org.springframework.orm.jpa.JpaTransactionManager@6155981e]; rollback [true]
2013-11-29 05:31:49,294 INFO  [org.springframework.test.context.transaction.TransactionalTestExecutionListener] Rolled back transaction after test execution for test context [[TestContext@299c713b testClass = LaboratorioDAOTest, testInstance = pe.edu.cibertec.core.dao.LaboratorioDAOTest@72898110, testMethod = isTest@AbstractJunitTest, testException = [null], mergedContextConfiguration = [MergedContextConfiguration@7ab92968 testClass = LaboratorioDAOTest, locations = '{classpath:pe/edu/cibertec/app-test.xml}', classes = '{}', activeProfiles = '{}', contextLoader = 'org.springframework.test.context.support.DelegatingSmartContextLoader']]]
2013-11-29 05:31:49,344 INFO  [org.springframework.context.support.GenericApplicationContext] Closing org.springframework.context.support.GenericApplicationContext@14ea0724: startup date [Fri Nov 29 05:31:46 COT 2013]; root of context hierarchy
2013-11-29 05:31:49,345 INFO  [org.springframework.beans.factory.support.DefaultListableBeanFactory] Destroying singletons in org.springframework.beans.factory.support.DefaultListableBeanFactory@34de727a: defining beans [org.springframework.context.annotation.internalConfigurationAnnotationProcessor,org.springframework.context.annotation.internalAutowiredAnnotationProcessor,org.springframework.context.annotation.internalRequiredAnnotationProcessor,org.springframework.context.annotation.internalCommonAnnotationProcessor,org.springframework.context.annotation.internalPersistenceAnnotationProcessor,auditoriaDAOImpl,auditoriaInterceptor,auditoriaServiceImpl,laboratorioDAO,profesorDAO,programaDAO,laboratorioService,profesorService,programaService,usuarioDAO,authenticationService,userDetailsService,usuarioService,org.springframework.aop.config.internalAutoProxyCreator,propertyPlaceholderConfigurer,dataSource,entityManagerFactory,transactionManager,org.springframework.transaction.annotation.AnnotationTransactionAttributeSource#0,org.springframework.transaction.interceptor.TransactionInterceptor#0,org.springframework.transaction.config.internalTransactionAdvisor,org.springframework.context.annotation.ConfigurationClassPostProcessor$ImportAwareBeanPostProcessor#0]; root of factory hierarchy
2013-11-29 05:31:49,345 INFO  [org.springframework.orm.jpa.LocalContainerEntityManagerFactoryBean] Closing JPA EntityManagerFactory for persistence unit 'JpaPersistenceUnit'
2013-11-29 05:33:23,784 INFO  [org.springframework.test.context.TestContextManager] @TestExecutionListeners is not present for class [class pe.edu.cibertec.core.dao.LaboratorioDAOTest]: using defaults.
2013-11-29 05:33:24,082 INFO  [org.springframework.beans.factory.xml.XmlBeanDefinitionReader] Loading XML bean definitions from class path resource [pe/edu/cibertec/app-test.xml]
2013-11-29 05:33:24,591 INFO  [org.springframework.context.support.GenericApplicationContext] Refreshing org.springframework.context.support.GenericApplicationContext@48cb3966: startup date [Fri Nov 29 05:33:24 COT 2013]; root of context hierarchy
2013-11-29 05:33:24,792 INFO  [org.springframework.beans.factory.config.PropertyPlaceholderConfigurer] Loading properties file from class path resource [pe/edu/cibertec/datasource-test.properties]
2013-11-29 05:33:24,871 INFO  [org.springframework.beans.factory.support.DefaultListableBeanFactory] Pre-instantiating singletons in org.springframework.beans.factory.support.DefaultListableBeanFactory@3a784abe: defining beans [org.springframework.context.annotation.internalConfigurationAnnotationProcessor,org.springframework.context.annotation.internalAutowiredAnnotationProcessor,org.springframework.context.annotation.internalRequiredAnnotationProcessor,org.springframework.context.annotation.internalCommonAnnotationProcessor,org.springframework.context.annotation.internalPersistenceAnnotationProcessor,auditoriaDAOImpl,auditoriaInterceptor,auditoriaServiceImpl,laboratorioDAO,profesorDAO,programaDAO,laboratorioService,profesorService,programaService,usuarioDAO,authenticationService,userDetailsService,usuarioService,org.springframework.aop.config.internalAutoProxyCreator,propertyPlaceholderConfigurer,dataSource,entityManagerFactory,transactionManager,org.springframework.transaction.annotation.AnnotationTransactionAttributeSource#0,org.springframework.transaction.interceptor.TransactionInterceptor#0,org.springframework.transaction.config.internalTransactionAdvisor,org.springframework.context.annotation.ConfigurationClassPostProcessor$ImportAwareBeanPostProcessor#0]; root of factory hierarchy
2013-11-29 05:33:25,549 INFO  [org.springframework.orm.jpa.LocalContainerEntityManagerFactoryBean] Building JPA container EntityManagerFactory for persistence unit 'JpaPersistenceUnit'
2013-11-29 05:33:29,382 INFO  [org.springframework.test.context.transaction.TransactionalTestExecutionListener] Began transaction (1): transaction manager [org.springframework.orm.jpa.JpaTransactionManager@378c23db]; rollback [true]
2013-11-29 05:34:05,074 INFO  [org.springframework.test.context.transaction.TransactionalTestExecutionListener] Rolled back transaction after test execution for test context [[TestContext@3c97f28a testClass = LaboratorioDAOTest, testInstance = pe.edu.cibertec.core.dao.LaboratorioDAOTest@1bb4611a, testMethod = obtenerUusario@LaboratorioDAOTest, testException = [null], mergedContextConfiguration = [MergedContextConfiguration@5f53002b testClass = LaboratorioDAOTest, locations = '{classpath:pe/edu/cibertec/app-test.xml}', classes = '{}', activeProfiles = '{}', contextLoader = 'org.springframework.test.context.support.DelegatingSmartContextLoader']]]
2013-11-29 05:34:05,117 INFO  [org.springframework.test.context.transaction.TransactionalTestExecutionListener] Began transaction (2): transaction manager [org.springframework.orm.jpa.JpaTransactionManager@378c23db]; rollback [true]
2013-11-29 05:34:05,118 INFO  [org.springframework.test.context.transaction.TransactionalTestExecutionListener] Rolled back transaction after test execution for test context [[TestContext@3c97f28a testClass = LaboratorioDAOTest, testInstance = pe.edu.cibertec.core.dao.LaboratorioDAOTest@75ca7f99, testMethod = isTest@AbstractJunitTest, testException = [null], mergedContextConfiguration = [MergedContextConfiguration@5f53002b testClass = LaboratorioDAOTest, locations = '{classpath:pe/edu/cibertec/app-test.xml}', classes = '{}', activeProfiles = '{}', contextLoader = 'org.springframework.test.context.support.DelegatingSmartContextLoader']]]
2013-11-29 05:34:05,121 INFO  [org.springframework.context.support.GenericApplicationContext] Closing org.springframework.context.support.GenericApplicationContext@48cb3966: startup date [Fri Nov 29 05:33:24 COT 2013]; root of context hierarchy
2013-11-29 05:34:05,123 INFO  [org.springframework.beans.factory.support.DefaultListableBeanFactory] Destroying singletons in org.springframework.beans.factory.support.DefaultListableBeanFactory@3a784abe: defining beans [org.springframework.context.annotation.internalConfigurationAnnotationProcessor,org.springframework.context.annotation.internalAutowiredAnnotationProcessor,org.springframework.context.annotation.internalRequiredAnnotationProcessor,org.springframework.context.annotation.internalCommonAnnotationProcessor,org.springframework.context.annotation.internalPersistenceAnnotationProcessor,auditoriaDAOImpl,auditoriaInterceptor,auditoriaServiceImpl,laboratorioDAO,profesorDAO,programaDAO,laboratorioService,profesorService,programaService,usuarioDAO,authenticationService,userDetailsService,usuarioService,org.springframework.aop.config.internalAutoProxyCreator,propertyPlaceholderConfigurer,dataSource,entityManagerFactory,transactionManager,org.springframework.transaction.annotation.AnnotationTransactionAttributeSource#0,org.springframework.transaction.interceptor.TransactionInterceptor#0,org.springframework.transaction.config.internalTransactionAdvisor,org.springframework.context.annotation.ConfigurationClassPostProcessor$ImportAwareBeanPostProcessor#0]; root of factory hierarchy
2013-11-29 05:34:05,125 INFO  [org.springframework.orm.jpa.LocalContainerEntityManagerFactoryBean] Closing JPA EntityManagerFactory for persistence unit 'JpaPersistenceUnit'
